<?xml version="1.0" encoding="UTF-8"?>
<!-- Generated by org.testng.reporters.JUnitReportReporter -->
<testsuite skipped="0" hostname="BLRL42504" name="com.qa.tests.postApiTest" tests="1" failures="0" timestamp="14 Dec 2018 17:43:18 GMT" time="1.020" errors="0">
  <testcase name="postApi" time="1.020" classname="com.qa.tests.postApiTest"/>
</testsuite> <!-- com.qa.tests.postApiTest -->
