<?xml version="1.0" encoding="UTF-8"?>
<!-- Generated by org.testng.reporters.JUnitReportReporter -->
<testsuite skipped="0" hostname="BLRL42504" name="com.qa.tests.GetAPITest" tests="2" failures="0" timestamp="14 Dec 2018 18:18:21 GMT" time="2.218" errors="0">
  <testcase name="getAPITestWithHeader" time="0.682" classname="com.qa.tests.GetAPITest"/>
  <testcase name="getAPITest" time="1.536" classname="com.qa.tests.GetAPITest"/>
</testsuite> <!-- com.qa.tests.GetAPITest -->
